<?xml version="1.0" encoding="UTF-8"?>
<testng-results skipped="0" failed="0" total="1" passed="1">
  <reporter-output>
  </reporter-output>
  <suite name="Default suite" duration-ms="7438" started-at="2014-12-22T10:13:19Z" finished-at="2014-12-22T10:13:27Z">
    <groups>
    </groups>
    <test name="Default test" duration-ms="7438" started-at="2014-12-22T10:13:19Z" finished-at="2014-12-22T10:13:27Z">
      <class name="com.simplepageobject.googleproject.GoogleSearchTest">
        <test-method status="PASS" signature="DemoTest()[pri:0, instance:com.simplepageobject.googleproject.GoogleSearchTest@45a5049a]" name="DemoTest" duration-ms="7428" started-at="2014-12-22T15:43:19Z" finished-at="2014-12-22T15:43:27Z">
          <reporter-output>
          </reporter-output>
        </test-method> <!-- DemoTest -->
      </class> <!-- com.simplepageobject.googleproject.GoogleSearchTest -->
    </test> <!-- Default test -->
  </suite> <!-- Default suite -->
</testng-results>
